INFO:root:EL DATA: {'result': 'success', 'errorCode': 0, 'errorStr': None, 'errorStrDetail': None, 'donetime': '171.340', 'matchedItems': 2, 'displayItems': 1, 'items': {'status': 'OK', 'statusData': [{'name': 'fdm', 'value': False}, {'name': 'rim', 'value': True}, {'name': 'edificios', 'value': True}, {'name': 'gis', 'value': True}, {'name': 'cvlanStore', 'value': True}]}}
INFO:root:Respuesta 0 para la URL: https://rsm.iplan.com.ar/rsm/v1.0/vno/Telefonica/health
INFO:root:EL DATA: {'result': 'success', 'errorCode': 0, 'errorStr': None, 'errorStrDetail': None, 'donetime': '171.340', 'matchedItems': 2, 'displayItems': 1, 'items': {'status': 'OK', 'statusData': [{'name': 'fdm', 'value': False}, {'name': 'rim', 'value': True}, {'name': 'edificios', 'value': True}, {'name': 'gis', 'value': True}, {'name': 'cvlanStore', 'value': True}]}}
INFO:root:Respuesta 0 para la URL: https://rsm.iplan.com.ar/rsm/v1.0/vno/Telefonica/health
INFO:root:EL DATA: {'result': 'success', 'errorCode': 0, 'errorStr': None, 'errorStrDetail': None, 'donetime': '171.340', 'matchedItems': 2, 'displayItems': 1, 'items': {'status': 'OK', 'statusData': [{'name': 'fdm', 'value': False}, {'name': 'rim', 'value': True}, {'name': 'edificios', 'value': True}, {'name': 'gis', 'value': True}, {'name': 'cvlanStore', 'value': True}]}}
INFO:root:Respuesta 0 para la URL: https://rsm.iplan.com.ar/rsm/v1.0/vno/Telefonica/health
INFO:root:EL DATA: {'result': 'success', 'errorCode': 0, 'errorStr': None, 'errorStrDetail': None, 'donetime': '171.340', 'matchedItems': 2, 'displayItems': 1, 'items': {'status': 'OK', 'statusData': [{'name': 'fdm', 'value': True}, {'name': 'rim', 'value': True}, {'name': 'edificios', 'value': True}, {'name': 'gis', 'value': True}, {'name': 'cvlanStore', 'value': True}]}}
INFO:root:Respuesta 1 para la URL: https://rsm.iplan.com.ar/rsm/v1.0/vno/Telefonica/health
INFO:root:EL DATA: {'result': 'success', 'errorCode': 0, 'errorStr': None, 'errorStrDetail': None, 'donetime': '171.340', 'matchedItems': 2, 'displayItems': 1, 'items': {'status': 'OK', 'statusData': [{'name': 'fdm', 'value': True}, {'name': 'rim', 'value': True}, {'name': 'edificios', 'value': True}, {'name': 'gis', 'value': True}, {'name': 'cvlanStore', 'value': True}]}}
INFO:root:Respuesta 1 para la URL: https:/1/rsm.iplan.com.ar/rsm/v1.0/vno/Telefonica/health
ERROR:root:Error en la solicitud para la URL https://r1sm.iplan.com.ar/rsm/v1.0/vno/Telefonica/health: HTTPSConnectionPool(host='r1sm.iplan.com.ar', port=443): Max retries exceeded with url: /rsm/v1.0/vno/Telefonica/health (Caused by NewConnectionError('<urllib3.connection.HTTPSConnection object at 0x000001F7C7BFA9A0>: Failed to establish a new connection: [Errno 11001] getaddrinfo failed'))
ERROR:root:Error en la solicitud para la URL https://rsm.iplan.com.ar/rsm/v1.0/vno/Telefonica/health: 401 Client Error: Unauthorized for url: https://rsm.iplan.com.ar/rsm/v1.0/vno/Telefonica/health
ERROR:root:Error en la solicitud para la URL https://rsm.iplan.com.ar/rsm/v1.0/vno/Telefonica/health: 401 Client Error: Unauthorized for url: https://rsm.iplan.com.ar/rsm/v1.0/vno/Telefonica/health
ERROR:root:Error en la solicitud para la URL https://rsm.iplan.com.ar/rsm/v1.0/vno/Telefonica/health: 401 Client Error: Unauthorized for url: https://rsm.iplan.com.ar/rsm/v1.0/vno/Telefonica/health
ERROR:root:Error en la solicitud para la URL 'https://rsm.iplan.com.ar/rsm/v1.0/vno/Telefonica/health': 'str' object has no attribute 'items'
ERROR:root:Error en la solicitud para la URL 'https://rsm.iplan.com.ar/rsm/v1.0/vno/Telefonica/health': 'str' object has no attribute 'items'
ERROR:root:Error en la solicitud para la URL 'https://rsm.iplan.com.ar/rsm/v1.0/vno/Telefonica/health': 'str' object has no attribute 'items'
ERROR:root:Error en la solicitud para la URL 'https://rsm.iplan.com.ar/rsm/v1.0/vno/Telefonica/health': 'str' object has no attribute 'items'
ERROR:root:Error en la solicitud para la URL 'https://rsm.iplan.com.ar/rsm/v1.0/vno/Telefonica/health': 'str' object has no attribute 'items'
ERROR:root:Error en la solicitud para la URL 'https://rsm.iplan.com.ar/rsm/v1.0/vno/Telefonica/health': 'str' object has no attribute 'items'
ERROR:root:Error en la solicitud para la URL 'https://rsm.iplan.com.ar/rsm/v1.0/vno/Telefonica/health': 'str' object has no attribute 'items'
ERROR:root:Error en la solicitud para la URL 'https://rsm.iplan.com.ar/rsm/v1.0/vno/Telefonica/health': 'str' object has no attribute 'items'
ERROR:root:Error en la solicitud para la URL 'https://rsm.iplan.com.ar/rsm/v1.0/vno/Telefonica/health': 'str' object has no attribute 'items'
ERROR:root:Error en la solicitud para la URL 'https://rsm.iplan.com.ar/rsm/v1.0/vno/Telefonica/health': 'str' object has no attribute 'items'
ERROR:root:Error en la solicitud para la URL 'https://rsm.iplan.com.ar/rsm/v1.0/vno/Telefonica/health': 'str' object has no attribute 'items'
ERROR:root:Error en la solicitud para la URL 'https://rsm.iplan.com.ar/rsm/v1.0/vno/Telefonica/health': 'str' object has no attribute 'items'
ERROR:root:Error en la solicitud para la URL 'https://rsm.iplan.com.ar/rsm/v1.0/vno/Telefonica/health': 'str' object has no attribute 'items'
ERROR:root:Error en la solicitud para la URL 'https://rsm.iplan.com.ar/rsm/v1.0/vno/Telefonica/health': 'str' object has no attribute 'items'
ERROR:root:Error en la solicitud para la URL 'https://rsm.iplan.com.ar/rsm/v1.0/vno/Telefonica/health': 'str' object has no attribute 'items'
ERROR:root:Error en la solicitud para la URL 'https://rsm.iplan.com.ar/rsm/v1.0/vno/Telefonica/health': 'str' object has no attribute 'items'
ERROR:root:Error en la solicitud para la URL 'https://rsm.iplan.com.ar/rsm/v1.0/vno/Telefonica/health': 'str' object has no attribute 'items'
ERROR:root:Error en la solicitud para la URL 'https://rsm.iplan.com.ar/rsm/v1.0/vno/Telefonica/health': 'str' object has no attribute 'items'
ERROR:root:Error en la solicitud para la URL 'https://rsm.iplan.com.ar/rsm/v1.0/vno/Telefonica/health': 'str' object has no attribute 'items'
ERROR:root:Error en la solicitud para la URL 'https://rsm.iplan.com.ar/rsm/v1.0/vno/Telefonica/health': 'str' object has no attribute 'items'
ERROR:root:Error en la solicitud para la URL 'https://rsm.iplan.com.ar/rsm/v1.0/vno/Telefonica/health': 'str' object has no attribute 'items'
ERROR:root:Error en la solicitud para la URL 'https://rsm.iplan.com.ar/rsm/v1.0/vno/Telefonica/health': 'str' object has no attribute 'items'
ERROR:root:Error en la solicitud para la URL 'https://rsm.iplan.com.ar/rsm/v1.0/vno/Telefonica/health': No connection adapters were found for "'https://rsm.iplan.com.ar/rsm/v1.0/vno/Telefonica/health'"
ERROR:root:Error en la solicitud para la URL 'https://rsm.iplan.com.ar/rsm/v1.0/vno/Telefonica/health': No connection adapters were found for "'https://rsm.iplan.com.ar/rsm/v1.0/vno/Telefonica/health'"
ERROR:root:Error en la solicitud para la URL 'https://rsm.iplan.com.ar/rsm/v1.0/vno/Telefonica/health': No connection adapters were found for "'https://rsm.iplan.com.ar/rsm/v1.0/vno/Telefonica/health'"
ERROR:root:Error en la solicitud para la URL 'https://rsm.iplan.com.ar/rsm/v1.0/vno/Telefonica/health': No connection adapters were found for "'https://rsm.iplan.com.ar/rsm/v1.0/vno/Telefonica/health'"
INFO:root:EL DATA: {'result': 'success', 'errorCode': 0, 'errorStr': None, 'errorStrDetail': None, 'donetime': '172.679', 'matchedItems': 2, 'displayItems': 1, 'items': {'status': 'OK', 'statusData': [{'name': 'fdm', 'value': True}, {'name': 'rim', 'value': True}, {'name': 'edificios', 'value': True}, {'name': 'gis', 'value': True}, {'name': 'cvlanStore', 'value': True}]}}
INFO:root:Respuesta 1 para la URL: https://rsm.iplan.com.ar/rsm/v1.0/vno/Telefonica/health
INFO:root:EL DATA: {'result': 'success', 'errorCode': 0, 'errorStr': None, 'errorStrDetail': None, 'donetime': '161.089', 'matchedItems': 2, 'displayItems': 1, 'items': {'status': 'OK', 'statusData': [{'name': 'fdm', 'value': True}, {'name': 'rim', 'value': True}, {'name': 'edificios', 'value': True}, {'name': 'gis', 'value': True}, {'name': 'cvlanStore', 'value': True}]}}
INFO:root:Respuesta 1 para la URL: https://rsm.iplan.com.ar/rsm/v1.0/vno/Telefonica/health
INFO:root:EL DATA: {'result': 'success', 'errorCode': 0, 'errorStr': None, 'errorStrDetail': None, 'donetime': '150.244', 'matchedItems': 2, 'displayItems': 1, 'items': {'status': 'OK', 'statusData': [{'name': 'fdm', 'value': True}, {'name': 'rim', 'value': True}, {'name': 'edificios', 'value': True}, {'name': 'gis', 'value': True}, {'name': 'cvlanStore', 'value': True}]}}
INFO:root:Respuesta 1 para la URL: https://rsm.iplan.com.ar/rsm/v1.0/vno/Telefonica/health
INFO:root:EL DATA: {'result': 'success', 'errorCode': 0, 'errorStr': None, 'errorStrDetail': None, 'donetime': '174.162', 'matchedItems': 2, 'displayItems': 1, 'items': {'status': 'OK', 'statusData': [{'name': 'fdm', 'value': True}, {'name': 'rim', 'value': True}, {'name': 'edificios', 'value': True}, {'name': 'gis', 'value': True}, {'name': 'cvlanStore', 'value': True}]}}
ERROR:root:Error en la solicitud para la URL https://rsm.iplan.com.ar/rsm/v1.0/vno/Telefonica/health: name 'args' is not defined
INFO:root:EL DATA: {'result': 'success', 'errorCode': 0, 'errorStr': None, 'errorStrDetail': None, 'donetime': '169.285', 'matchedItems': 2, 'displayItems': 1, 'items': {'status': 'OK', 'statusData': [{'name': 'fdm', 'value': True}, {'name': 'rim', 'value': True}, {'name': 'edificios', 'value': True}, {'name': 'gis', 'value': True}, {'name': 'cvlanStore', 'value': True}]}}
ERROR:root:Error en la solicitud para la URL https://rsm.iplan.com.ar/rsm/v1.0/vno/Telefonica/health: name 'args' is not defined
INFO:root:EL DATA: {'result': 'success', 'errorCode': 0, 'errorStr': None, 'errorStrDetail': None, 'donetime': '158.521', 'matchedItems': 2, 'displayItems': 1, 'items': {'status': 'OK', 'statusData': [{'name': 'fdm', 'value': True}, {'name': 'rim', 'value': True}, {'name': 'edificios', 'value': True}, {'name': 'gis', 'value': True}, {'name': 'cvlanStore', 'value': True}]}}
INFO:root:Respuesta 1 para la URL: https://rsm.iplan.com.ar/rsm/v1.0/vno/Telefonica/health
INFO:root:EL DATA: {'result': 'success', 'errorCode': 0, 'errorStr': None, 'errorStrDetail': None, 'donetime': '164.492', 'matchedItems': 2, 'displayItems': 1, 'items': {'status': 'OK', 'statusData': [{'name': 'fdm', 'value': True}, {'name': 'rim', 'value': True}, {'name': 'edificios', 'value': True}, {'name': 'gis', 'value': True}, {'name': 'cvlanStore', 'value': True}]}}
INFO:root:EL DATA: {'result': 'success', 'errorCode': 0, 'errorStr': None, 'errorStrDetail': None, 'donetime': '160.835', 'matchedItems': 2, 'displayItems': 1, 'items': {'status': 'OK', 'statusData': [{'name': 'fdm', 'value': True}, {'name': 'rim', 'value': True}, {'name': 'edificios', 'value': True}, {'name': 'gis', 'value': True}, {'name': 'cvlanStore', 'value': True}]}}
INFO:root:Respuesta 1 para la URL: https://rsm.iplan.com.ar/rsm/v1.0/vno/Telefonica/health
INFO:root:EL DATA: {'result': 'success', 'errorCode': 0, 'errorStr': None, 'errorStrDetail': None, 'donetime': '156.841', 'matchedItems': 2, 'displayItems': 1, 'items': {'status': 'OK', 'statusData': [{'name': 'fdm', 'value': True}, {'name': 'rim', 'value': True}, {'name': 'edificios', 'value': True}, {'name': 'gis', 'value': True}, {'name': 'cvlanStore', 'value': True}]}}
INFO:root:EL DATA: {'result': 'success', 'errorCode': 0, 'errorStr': None, 'errorStrDetail': None, 'donetime': '175.949', 'matchedItems': 2, 'displayItems': 1, 'items': {'status': 'OK', 'statusData': [{'name': 'fdm', 'value': True}, {'name': 'rim', 'value': True}, {'name': 'edificios', 'value': True}, {'name': 'gis', 'value': True}, {'name': 'cvlanStore', 'value': True}]}}
ERROR:root:Error en la solicitud para la URL https://rsm.iplan.com.ar/rsm/v1.0/vno/Telefonica/health: name 'HTTPBasicAuth' is not defined
ERROR:root:Error en la solicitud para la URL https://rsm.iplan.com.ar/rsm/v1.0/vno/Telefonica/health: name 'HTTPBasicAuth' is not defined
INFO:root:EL DATA: {'result': 'success', 'errorCode': 0, 'errorStr': None, 'errorStrDetail': None, 'donetime': '156.754', 'matchedItems': 2, 'displayItems': 1, 'items': {'status': 'OK', 'statusData': [{'name': 'fdm', 'value': True}, {'name': 'rim', 'value': True}, {'name': 'edificios', 'value': True}, {'name': 'gis', 'value': True}, {'name': 'cvlanStore', 'value': True}]}}
INFO:root:Respuesta 1 para la URL: https://rsm.iplan.com.ar/rsm/v1.0/vno/Telefonica/health
INFO:root:EL DATA: {'result': 'success', 'errorCode': 0, 'errorStr': None, 'errorStrDetail': None, 'donetime': '156.136', 'matchedItems': 2, 'displayItems': 1, 'items': {'status': 'OK', 'statusData': [{'name': 'fdm', 'value': True}, {'name': 'rim', 'value': True}, {'name': 'edificios', 'value': True}, {'name': 'gis', 'value': True}, {'name': 'cvlanStore', 'value': True}]}}
INFO:root:EL DATA: {'result': 'success', 'errorCode': 0, 'errorStr': None, 'errorStrDetail': None, 'donetime': '171.340', 'matchedItems': 2, 'displayItems': 1, 'items': {'status': 'OK', 'statusData': [{'name': 'fdm', 'value': True}, {'name': 'rim', 'value': True}, {'name': 'edificios', 'value': True}, {'name': 'gis', 'value': True}, {'name': 'cvlanStore', 'value': True}]}}
INFO:root:EL DATA: {'result': 'success', 'errorCode': 0, 'errorStr': None, 'errorStrDetail': None, 'donetime': '171.340', 'matchedItems': 2, 'displayItems': 1, 'items': {'status': 'OK', 'statusData': [{'name': 'fdm', 'value': True}, {'name': 'rim', 'value': True}, {'name': 'edificios', 'value': True}, {'name': 'gis', 'value': True}, {'name': 'cvlanStore', 'value': True}]}}
INFO:root:Respuesta 1 para la URL: https://rsm.iplan.com.ar/rsm/v1.0/vno/Telefonica/health
INFO:root:EL DATA: {'result': 'success', 'errorCode': 0, 'errorStr': None, 'errorStrDetail': None, 'donetime': '171.340', 'matchedItems': 2, 'displayItems': 1, 'items': {'status': 'ERROR', 'statusData': [{'name': 'fdm', 'value': True}, {'name': 'rim', 'value': True}, {'name': 'edificios', 'value': True}, {'name': 'gis', 'value': True}, {'name': 'cvlanStore', 'value': True}]}}
INFO:root:Respuesta 1 para la URL: https://rsm.iplan.com.ar/rsm/v1.0/vno/Telefonica/health
INFO:root:EL DATA: {'result': 'success', 'errorCode': 0, 'errorStr': None, 'errorStrDetail': None, 'donetime': '171.340', 'matchedItems': 2, 'displayItems': 1, 'items': {'status': 'ERROR', 'statusData': [{'name': 'fdm', 'value': False}, {'name': 'rim', 'value': True}, {'name': 'edificios', 'value': True}, {'name': 'gis', 'value': True}, {'name': 'cvlanStore', 'value': True}]}}
INFO:root:Respuesta 1 para la URL: https://rsm.iplan.com.ar/rsm/v1.0/vno/Telefonica/health
INFO:root:EL DATA: {'result': 'success', 'errorCode': 0, 'errorStr': None, 'errorStrDetail': None, 'donetime': '171.340', 'matchedItems': 2, 'displayItems': 1, 'items': {'status': 'ERROR', 'statusData': [{'name': 'fdm', 'value': False}, {'name': 'rim', 'value': True}, {'name': 'edificios', 'value': True}, {'name': 'gis', 'value': True}, {'name': 'cvlanStore', 'value': True}]}}
INFO:root:Respuesta 1 para la URL: https://rsm.iplan.com.ar/rsm/v1.0/vno/Telefonica/health
INFO:root:EL DATA: {'result': 'success', 'errorCode': 0, 'errorStr': None, 'errorStrDetail': None, 'donetime': '171.340', 'matchedItems': 2, 'displayItems': 1, 'items': {'status': 'ERROR', 'statusData': [{'name': 'fdm', 'value': False}, {'name': 'rim', 'value': True}, {'name': 'edificios', 'value': True}, {'name': 'gis', 'value': True}, {'name': 'cvlanStore', 'value': True}]}}
INFO:root:Respuesta 0 para la URL: https://rsm.iplan.com.ar/rsm/v1.0/vno/Telefonica/health
INFO:root:EL DATA: {'result': 'success', 'errorCode': 0, 'errorStr': None, 'errorStrDetail': None, 'donetime': '171.340', 'matchedItems': 2, 'displayItems': 1, 'items': {'status': 'ERROR', 'statusData': [{'name': 'fdm', 'value': True}, {'name': 'rim', 'value': True}, {'name': 'edificios', 'value': True}, {'name': 'gis', 'value': True}, {'name': 'cvlanStore', 'value': True}]}}
INFO:root:Respuesta 0 para la URL: https://rsm.iplan.com.ar/rsm/v1.0/vno/Telefonica/health
INFO:root:EL DATA: {'result': 'success', 'errorCode': 0, 'errorStr': None, 'errorStrDetail': None, 'donetime': '171.340', 'matchedItems': 2, 'displayItems': 1, 'items': {'status': 'OK', 'statusData': [{'name': 'fdm', 'value': True}, {'name': 'rim', 'value': True}, {'name': 'edificios', 'value': True}, {'name': 'gis', 'value': True}, {'name': 'cvlanStore', 'value': True}]}}
INFO:root:Respuesta 0 para la URL: https://rsm.iplan.com.ar/rsm/v1.0/vno/Telefonica/health
INFO:root:EL DATA: {'result': 'success', 'errorCode': 0, 'errorStr': None, 'errorStrDetail': None, 'donetime': '171.340', 'matchedItems': 2, 'displayItems': 1, 'items': {'status': 'OK', 'statusData': [{'name': 'fdm', 'value': True}, {'name': 'rim', 'value': True}, {'name': 'edificios', 'value': True}, {'name': 'gis', 'value': True}, {'name': 'cvlanStore', 'value': True}]}}
INFO:root:Respuesta 1 para la URL: https://rsm.iplan.com.ar/rsm/v1.0/vno/Telefonica/health
INFO:root:EL DATA: {'result': 'success', 'errorCode': 0, 'errorStr': None, 'errorStrDetail': None, 'donetime': '171.340', 'matchedItems': 2, 'displayItems': 1, 'items': {'status': 'ERROR', 'statusData': [{'name': 'fdm', 'value': True}, {'name': 'rim', 'value': True}, {'name': 'edificios', 'value': True}, {'name': 'gis', 'value': True}, {'name': 'cvlanStore', 'value': True}]}}
INFO:root:Respuesta 0 para la URL: https://rsm.iplan.com.ar/rsm/v1.0/vno/Telefonica/health
INFO:root:EL DATA: {'result': 'success', 'errorCode': 0, 'errorStr': None, 'errorStrDetail': None, 'donetime': '171.340', 'matchedItems': 2, 'displayItems': 1, 'items': {'status': 'OK', 'statusData': [{'name': 'fdm', 'value': True}, {'name': 'rim', 'value': False}, {'name': 'edificios', 'value': True}, {'name': 'gis', 'value': True}, {'name': 'cvlanStore', 'value': True}]}}
INFO:root:Respuesta 0 para la URL: https://rsm.iplan.com.ar/rsm/v1.0/vno/Telefonica/health
INFO:root:EL DATA: {'result': 'success', 'errorCode': 0, 'errorStr': None, 'errorStrDetail': None, 'donetime': '171.340', 'matchedItems': 2, 'displayItems': 1, 'items': {'status': 'OK', 'statusData': [{'name': 'fdm', 'value': True}, {'name': 'rim', 'value': False}, {'name': 'edificios', 'value': False}, {'name': 'gis', 'value': True}, {'name': 'cvlanStore', 'value': True}]}}
INFO:root:Respuesta 0 para la URL: https://rsm.iplan.com.ar/rsm/v1.0/vno/Telefonica/health
INFO:root:EL DATA: {'result': 'success', 'errorCode': 0, 'errorStr': None, 'errorStrDetail': None, 'donetime': '171.340', 'matchedItems': 2, 'displayItems': 1, 'items': {'status': 'OK', 'statusData': [{'name': 'fdm', 'value': True}, {'name': 'rim', 'value': True}, {'name': 'edificios', 'value': True}, {'name': 'gis', 'value': True}, {'name': 'cvlanStore', 'value': True}]}}
INFO:root:Respuesta 1 para la URL: https://rsm.iplan.com.ar/rsm/v1.0/vno/Telefonica/health
INFO:root:EL DATA: {'result': 'success', 'errorCode': 0, 'errorStr': None, 'errorStrDetail': None, 'donetime': '171.340', 'matchedItems': 2, 'displayItems': 1, 'items': {'status': 'OK', 'statusData': [{'name': 'fdm', 'value': True}, {'name': 'rim', 'value': True}, {'name': 'edificios', 'value': True}, {'name': 'gis', 'value': True}, {'name': 'cvlanStore', 'value': True}]}}
INFO:root:Respuesta 1 para la URL: https://rsm.iplan.com.ar/rsm/v1.0/vno/Telefonica/health
INFO:root:EL DATA: {'result': 'success', 'errorCode': 0, 'errorStr': None, 'errorStrDetail': None, 'donetime': '171.340', 'matchedItems': 2, 'displayItems': 1, 'items': {'status': 'ASDASDAOK', 'statusData': [{'name': 'fdm', 'value': True}, {'name': 'rim', 'value': True}, {'name': 'edificios', 'value': True}, {'name': 'gis', 'value': True}, {'name': 'cvlanStore', 'value': True}]}}
INFO:root:Respuesta 0 para la URL: https://rsm.iplan.com.ar/rsm/v1.0/vno/Telefonica/health
INFO:root:EL DATA: {'result': 'success', 'errorCode': 0, 'errorStr': None, 'errorStrDetail': None, 'donetime': '171.340', 'matchedItems': 2, 'displayItems': 1, 'items': {'status': 'OK', 'statusData': [{'name': 'fdm', 'value': True}, {'name': 'rim', 'value': True}, {'name': 'edificios', 'value': True}, {'name': 'gis', 'value': True}, {'name': 'cvlanStore', 'value': True}]}}
INFO:root:Respuesta 1 para la URL: https://rsm.iplan.com.ar/rsm/v1.0/vno/Telefonica/health
INFO:root:EL DATA: {'result': 'success', 'errorCode': 0, 'errorStr': None, 'errorStrDetail': None, 'donetime': '171.340', 'matchedItems': 2, 'displayItems': 1, 'items': {'status': 'CASADASOK', 'statusData': [{'name': 'fdm', 'value': True}, {'name': 'rim', 'value': True}, {'name': 'edificios', 'value': True}, {'name': 'gis', 'value': True}, {'name': 'cvlanStore', 'value': True}]}}
INFO:root:Respuesta 0 para la URL: https://rsm.iplan.com.ar/rsm/v1.0/vno/Telefonica/health
INFO:root:EL DATA: {'result': 'success', 'errorCode': 0, 'errorStr': None, 'errorStrDetail': None, 'donetime': '171.340', 'matchedItems': 2, 'displayItems': 1, 'items': {'status': 'OK', 'statusData': [{'name': 'fdm', 'value': True}, {'name': 'rim', 'value': True}, {'name': 'edificios', 'value': False}, {'name': 'gis', 'value': True}, {'name': 'cvlanStore', 'value': True}]}}
INFO:root:Respuesta 0 para la URL: https://rsm.iplan.com.ar/rsm/v1.0/vno/Telefonica/health
INFO:root:EL DATA: {'result': 'success', 'errorCode': 0, 'errorStr': None, 'errorStrDetail': None, 'donetime': '171.340', 'matchedItems': 2, 'displayItems': 1, 'items': {'status': 'OK', 'statusData': [{'name': 'fdm', 'value': True}, {'name': 'rim', 'value': True}, {'name': 'edificios', 'value': True}, {'name': 'gis', 'value': True}, {'name': 'cvlanStore', 'value': True}]}}
INFO:root:Respuesta 1 para la URL: https://rsm.iplan.com.ar/rsm/v1.0/vno/Telefonica/health
INFO:root:EL DATA: {'result': 'success', 'errorCode': 0, 'errorStr': None, 'errorStrDetail': None, 'donetime': '171.340', 'matchedItems': 2, 'displayItems': 1, 'items': {'status': 'OK', 'statusData': [{'name': 'fdm', 'value': True}, {'name': 'rim', 'value': True}, {'name': 'edificios', 'value': True}, {'name': 'gis', 'value': True}, {'name': 'cvlanStore', 'value': True}]}}
INFO:root:Respuesta 1 para la URL: https://rsm.iplan.com.ar/rsm/v1.0/vno/Telefonica/health
INFO:root:EL DATA: {'result': 'success', 'errorCode': 0, 'errorStr': None, 'errorStrDetail': None, 'donetime': '171.340', 'matchedItems': 2, 'displayItems': 1, 'items': {'status': 'OK', 'statusData': [{'name': 'fdm', 'value': True}, {'name': 'rim', 'value': True}, {'name': 'edificios', 'value': True}, {'name': 'gis', 'value': True}, {'name': 'cvlanStore', 'value': True}]}}
